<?xml version="1.0" encoding="UTF-8"?>
<testsuite xmlns:xsi="http://www.w3.org/2001/XMLSchema-instance" xsi:noNamespaceSchemaLocation="https://maven.apache.org/surefire/maven-surefire-plugin/xsd/surefire-test-report-3.0.xsd" version="3.0" name="dao.UsuarioDAOTest" time="0.013" tests="4" errors="0" skipped="0" failures="0">
  <properties>
[...]
</properties>
  <testcase name="testObten" classname="dao.UsuarioDAOTest" time="0.001"/>
  <testcase name="testRegistrarUsuario" classname="dao.UsuarioDAOTest" time="0.001"/>
  <testcase name="testActualizarUsuario" classname="dao.UsuarioDAOTest" time="0.001"/>
  <testcase name="testIniciarSesion" classname="dao.UsuarioDAOTest" time="0.002"/>
</testsuite>